<?xml version="1.0" encoding="UTF-8"?>
<testsuite name="com.asia_auto.data.dao.ElementEntityDaoTest" tests="100" skipped="0" failures="0" errors="0" timestamp="2016-11-09T09:13:47" hostname="ADMIN" time="3.206">
  <properties/>
  <testcase name="daoWrite" classname="com.asia_auto.data.dao.ElementEntityDaoTest" time="0.106"/>
  <testcase name="daoWrite" classname="com.asia_auto.data.dao.ElementEntityDaoTest" time="0.055"/>
  <testcase name="daoWrite" classname="com.asia_auto.data.dao.ElementEntityDaoTest" time="0.091"/>
  <testcase name="daoWrite" classname="com.asia_auto.data.dao.ElementEntityDaoTest" time="0.121"/>
  <testcase name="daoWrite" classname="com.asia_auto.data.dao.ElementEntityDaoTest" time="0.158"/>
  <testcase name="daoWrite" classname="com.asia_auto.data.dao.ElementEntityDaoTest" time="0.202"/>
  <testcase name="daoWrite" classname="com.asia_auto.data.dao.ElementEntityDaoTest" time="0.244"/>
  <testcase name="daoWrite" classname="com.asia_auto.data.dao.ElementEntityDaoTest" time="0.28"/>
  <testcase name="daoWrite" classname="com.asia_auto.data.dao.ElementEntityDaoTest" time="0.318"/>
  <testcase name="daoWrite" classname="com.asia_auto.data.dao.ElementEntityDaoTest" time="0.348"/>
  <testcase name="daoWrite" classname="com.asia_auto.data.dao.ElementEntityDaoTest" time="0.382"/>
  <testcase name="daoWrite" classname="com.asia_auto.data.dao.ElementEntityDaoTest" time="0.409"/>
  <testcase name="daoWrite" classname="com.asia_auto.data.dao.ElementEntityDaoTest" time="0.437"/>
  <testcase name="daoWrite" classname="com.asia_auto.data.dao.ElementEntityDaoTest" time="0.465"/>
  <testcase name="daoWrite" classname="com.asia_auto.data.dao.ElementEntityDaoTest" time="0.493"/>
  <testcase name="daoWrite" classname="com.asia_auto.data.dao.ElementEntityDaoTest" time="0.525"/>
  <testcase name="daoWrite" classname="com.asia_auto.data.dao.ElementEntityDaoTest" time="0.561"/>
  <testcase name="daoWrite" classname="com.asia_auto.data.dao.ElementEntityDaoTest" time="0.589"/>
  <testcase name="daoWrite" classname="com.asia_auto.data.dao.ElementEntityDaoTest" time="0.888"/>
  <testcase name="daoWrite" classname="com.asia_auto.data.dao.ElementEntityDaoTest" time="0.923"/>
  <testcase name="daoWrite" classname="com.asia_auto.data.dao.ElementEntityDaoTest" time="0.95"/>
  <testcase name="daoWrite" classname="com.asia_auto.data.dao.ElementEntityDaoTest" time="0.98"/>
  <testcase name="daoWrite" classname="com.asia_auto.data.dao.ElementEntityDaoTest" time="1.006"/>
  <testcase name="daoWrite" classname="com.asia_auto.data.dao.ElementEntityDaoTest" time="1.038"/>
  <testcase name="daoWrite" classname="com.asia_auto.data.dao.ElementEntityDaoTest" time="1.067"/>
  <testcase name="daoWrite" classname="com.asia_auto.data.dao.ElementEntityDaoTest" time="1.094"/>
  <testcase name="daoWrite" classname="com.asia_auto.data.dao.ElementEntityDaoTest" time="1.12"/>
  <testcase name="daoWrite" classname="com.asia_auto.data.dao.ElementEntityDaoTest" time="1.146"/>
  <testcase name="daoWrite" classname="com.asia_auto.data.dao.ElementEntityDaoTest" time="1.173"/>
  <testcase name="daoWrite" classname="com.asia_auto.data.dao.ElementEntityDaoTest" time="1.201"/>
  <testcase name="daoWrite" classname="com.asia_auto.data.dao.ElementEntityDaoTest" time="1.23"/>
  <testcase name="daoWrite" classname="com.asia_auto.data.dao.ElementEntityDaoTest" time="1.257"/>
  <testcase name="daoWrite" classname="com.asia_auto.data.dao.ElementEntityDaoTest" time="1.285"/>
  <testcase name="daoWrite" classname="com.asia_auto.data.dao.ElementEntityDaoTest" time="1.319"/>
  <testcase name="daoWrite" classname="com.asia_auto.data.dao.ElementEntityDaoTest" time="1.348"/>
  <testcase name="daoWrite" classname="com.asia_auto.data.dao.ElementEntityDaoTest" time="1.377"/>
  <testcase name="daoWrite" classname="com.asia_auto.data.dao.ElementEntityDaoTest" time="1.404"/>
  <testcase name="daoWrite" classname="com.asia_auto.data.dao.ElementEntityDaoTest" time="1.43"/>
  <testcase name="daoWrite" classname="com.asia_auto.data.dao.ElementEntityDaoTest" time="1.455"/>
  <testcase name="daoWrite" classname="com.asia_auto.data.dao.ElementEntityDaoTest" time="1.48"/>
  <testcase name="daoWrite" classname="com.asia_auto.data.dao.ElementEntityDaoTest" time="1.508"/>
  <testcase name="daoWrite" classname="com.asia_auto.data.dao.ElementEntityDaoTest" time="1.537"/>
  <testcase name="daoWrite" classname="com.asia_auto.data.dao.ElementEntityDaoTest" time="1.574"/>
  <testcase name="daoWrite" classname="com.asia_auto.data.dao.ElementEntityDaoTest" time="1.601"/>
  <testcase name="daoWrite" classname="com.asia_auto.data.dao.ElementEntityDaoTest" time="1.628"/>
  <testcase name="daoWrite" classname="com.asia_auto.data.dao.ElementEntityDaoTest" time="1.656"/>
  <testcase name="daoWrite" classname="com.asia_auto.data.dao.ElementEntityDaoTest" time="1.684"/>
  <testcase name="daoWrite" classname="com.asia_auto.data.dao.ElementEntityDaoTest" time="1.712"/>
  <testcase name="daoWrite" classname="com.asia_auto.data.dao.ElementEntityDaoTest" time="1.738"/>
  <testcase name="daoWrite" classname="com.asia_auto.data.dao.ElementEntityDaoTest" time="1.764"/>
  <testcase name="daoWrite" classname="com.asia_auto.data.dao.ElementEntityDaoTest" time="1.793"/>
  <testcase name="daoWrite" classname="com.asia_auto.data.dao.ElementEntityDaoTest" time="1.828"/>
  <testcase name="daoWrite" classname="com.asia_auto.data.dao.ElementEntityDaoTest" time="1.856"/>
  <testcase name="daoWrite" classname="com.asia_auto.data.dao.ElementEntityDaoTest" time="1.882"/>
  <testcase name="daoWrite" classname="com.asia_auto.data.dao.ElementEntityDaoTest" time="1.909"/>
  <testcase name="daoWrite" classname="com.asia_auto.data.dao.ElementEntityDaoTest" time="1.938"/>
  <testcase name="daoWrite" classname="com.asia_auto.data.dao.ElementEntityDaoTest" time="1.968"/>
  <testcase name="daoWrite" classname="com.asia_auto.data.dao.ElementEntityDaoTest" time="1.997"/>
  <testcase name="daoWrite" classname="com.asia_auto.data.dao.ElementEntityDaoTest" time="2.025"/>
  <testcase name="daoWrite" classname="com.asia_auto.data.dao.ElementEntityDaoTest" time="2.048"/>
  <testcase name="daoWrite" classname="com.asia_auto.data.dao.ElementEntityDaoTest" time="2.074"/>
  <testcase name="daoWrite" classname="com.asia_auto.data.dao.ElementEntityDaoTest" time="2.1"/>
  <testcase name="daoWrite" classname="com.asia_auto.data.dao.ElementEntityDaoTest" time="2.128"/>
  <testcase name="daoWrite" classname="com.asia_auto.data.dao.ElementEntityDaoTest" time="2.154"/>
  <testcase name="daoWrite" classname="com.asia_auto.data.dao.ElementEntityDaoTest" time="2.183"/>
  <testcase name="daoWrite" classname="com.asia_auto.data.dao.ElementEntityDaoTest" time="2.215"/>
  <testcase name="daoWrite" classname="com.asia_auto.data.dao.ElementEntityDaoTest" time="2.243"/>
  <testcase name="daoWrite" classname="com.asia_auto.data.dao.ElementEntityDaoTest" time="2.27"/>
  <testcase name="daoWrite" classname="com.asia_auto.data.dao.ElementEntityDaoTest" time="2.301"/>
  <testcase name="daoWrite" classname="com.asia_auto.data.dao.ElementEntityDaoTest" time="2.328"/>
  <testcase name="daoWrite" classname="com.asia_auto.data.dao.ElementEntityDaoTest" time="2.353"/>
  <testcase name="daoWrite" classname="com.asia_auto.data.dao.ElementEntityDaoTest" time="2.381"/>
  <testcase name="daoWrite" classname="com.asia_auto.data.dao.ElementEntityDaoTest" time="2.431"/>
  <testcase name="daoWrite" classname="com.asia_auto.data.dao.ElementEntityDaoTest" time="2.455"/>
  <testcase name="daoWrite" classname="com.asia_auto.data.dao.ElementEntityDaoTest" time="2.481"/>
  <testcase name="daoWrite" classname="com.asia_auto.data.dao.ElementEntityDaoTest" time="2.504"/>
  <testcase name="daoWrite" classname="com.asia_auto.data.dao.ElementEntityDaoTest" time="2.53"/>
  <testcase name="daoWrite" classname="com.asia_auto.data.dao.ElementEntityDaoTest" time="2.556"/>
  <testcase name="daoWrite" classname="com.asia_auto.data.dao.ElementEntityDaoTest" time="2.582"/>
  <testcase name="daoWrite" classname="com.asia_auto.data.dao.ElementEntityDaoTest" time="2.616"/>
  <testcase name="daoWrite" classname="com.asia_auto.data.dao.ElementEntityDaoTest" time="2.662"/>
  <testcase name="daoWrite" classname="com.asia_auto.data.dao.ElementEntityDaoTest" time="2.701"/>
  <testcase name="daoWrite" classname="com.asia_auto.data.dao.ElementEntityDaoTest" time="2.727"/>
  <testcase name="daoWrite" classname="com.asia_auto.data.dao.ElementEntityDaoTest" time="2.756"/>
  <testcase name="daoWrite" classname="com.asia_auto.data.dao.ElementEntityDaoTest" time="2.781"/>
  <testcase name="daoWrite" classname="com.asia_auto.data.dao.ElementEntityDaoTest" time="2.808"/>
  <testcase name="daoWrite" classname="com.asia_auto.data.dao.ElementEntityDaoTest" time="2.831"/>
  <testcase name="daoWrite" classname="com.asia_auto.data.dao.ElementEntityDaoTest" time="2.856"/>
  <testcase name="daoWrite" classname="com.asia_auto.data.dao.ElementEntityDaoTest" time="2.882"/>
  <testcase name="daoWrite" classname="com.asia_auto.data.dao.ElementEntityDaoTest" time="2.911"/>
  <testcase name="daoWrite" classname="com.asia_auto.data.dao.ElementEntityDaoTest" time="2.941"/>
  <testcase name="daoWrite" classname="com.asia_auto.data.dao.ElementEntityDaoTest" time="2.971"/>
  <testcase name="daoWrite" classname="com.asia_auto.data.dao.ElementEntityDaoTest" time="2.999"/>
  <testcase name="daoWrite" classname="com.asia_auto.data.dao.ElementEntityDaoTest" time="3.024"/>
  <testcase name="daoWrite" classname="com.asia_auto.data.dao.ElementEntityDaoTest" time="3.062"/>
  <testcase name="daoWrite" classname="com.asia_auto.data.dao.ElementEntityDaoTest" time="3.088"/>
  <testcase name="daoWrite" classname="com.asia_auto.data.dao.ElementEntityDaoTest" time="3.113"/>
  <testcase name="daoWrite" classname="com.asia_auto.data.dao.ElementEntityDaoTest" time="3.144"/>
  <testcase name="daoWrite" classname="com.asia_auto.data.dao.ElementEntityDaoTest" time="3.175"/>
  <testcase name="daoWrite" classname="com.asia_auto.data.dao.ElementEntityDaoTest" time="3.206"/>
  <system-out><![CDATA[]]></system-out>
  <system-err><![CDATA[]]></system-err>
</testsuite>
