<?xml version="1.0" encoding="UTF-8"?>
<testsuite name="com.asia_auto.data.dao.ElementEntityDaoTest" tests="100" skipped="0" failures="0" errors="0" timestamp="2016-10-10T09:49:14" hostname="ADMIN" time="0.318">
  <properties/>
  <testcase name="daoWrite" classname="com.asia_auto.data.dao.ElementEntityDaoTest" time="0.016"/>
  <testcase name="daoWrite" classname="com.asia_auto.data.dao.ElementEntityDaoTest" time="0.005"/>
  <testcase name="daoWrite" classname="com.asia_auto.data.dao.ElementEntityDaoTest" time="0.01"/>
  <testcase name="daoWrite" classname="com.asia_auto.data.dao.ElementEntityDaoTest" time="0.005"/>
  <testcase name="daoWrite" classname="com.asia_auto.data.dao.ElementEntityDaoTest" time="0.005"/>
  <testcase name="daoWrite" classname="com.asia_auto.data.dao.ElementEntityDaoTest" time="0.022"/>
  <testcase name="daoWrite" classname="com.asia_auto.data.dao.ElementEntityDaoTest" time="0.027"/>
  <testcase name="daoWrite" classname="com.asia_auto.data.dao.ElementEntityDaoTest" time="0.031"/>
  <testcase name="daoWrite" classname="com.asia_auto.data.dao.ElementEntityDaoTest" time="0.034"/>
  <testcase name="daoWrite" classname="com.asia_auto.data.dao.ElementEntityDaoTest" time="0.04"/>
  <testcase name="daoWrite" classname="com.asia_auto.data.dao.ElementEntityDaoTest" time="0.044"/>
  <testcase name="daoWrite" classname="com.asia_auto.data.dao.ElementEntityDaoTest" time="0.048"/>
  <testcase name="daoWrite" classname="com.asia_auto.data.dao.ElementEntityDaoTest" time="0.051"/>
  <testcase name="daoWrite" classname="com.asia_auto.data.dao.ElementEntityDaoTest" time="0.053"/>
  <testcase name="daoWrite" classname="com.asia_auto.data.dao.ElementEntityDaoTest" time="0.058"/>
  <testcase name="daoWrite" classname="com.asia_auto.data.dao.ElementEntityDaoTest" time="0.06"/>
  <testcase name="daoWrite" classname="com.asia_auto.data.dao.ElementEntityDaoTest" time="0.065"/>
  <testcase name="daoWrite" classname="com.asia_auto.data.dao.ElementEntityDaoTest" time="0.069"/>
  <testcase name="daoWrite" classname="com.asia_auto.data.dao.ElementEntityDaoTest" time="0.075"/>
  <testcase name="daoWrite" classname="com.asia_auto.data.dao.ElementEntityDaoTest" time="0.076"/>
  <testcase name="daoWrite" classname="com.asia_auto.data.dao.ElementEntityDaoTest" time="0.079"/>
  <testcase name="daoWrite" classname="com.asia_auto.data.dao.ElementEntityDaoTest" time="0.086"/>
  <testcase name="daoWrite" classname="com.asia_auto.data.dao.ElementEntityDaoTest" time="0.088"/>
  <testcase name="daoWrite" classname="com.asia_auto.data.dao.ElementEntityDaoTest" time="0.089"/>
  <testcase name="daoWrite" classname="com.asia_auto.data.dao.ElementEntityDaoTest" time="0.095"/>
  <testcase name="daoWrite" classname="com.asia_auto.data.dao.ElementEntityDaoTest" time="0.098"/>
  <testcase name="daoWrite" classname="com.asia_auto.data.dao.ElementEntityDaoTest" time="0.102"/>
  <testcase name="daoWrite" classname="com.asia_auto.data.dao.ElementEntityDaoTest" time="0.105"/>
  <testcase name="daoWrite" classname="com.asia_auto.data.dao.ElementEntityDaoTest" time="0.107"/>
  <testcase name="daoWrite" classname="com.asia_auto.data.dao.ElementEntityDaoTest" time="0.112"/>
  <testcase name="daoWrite" classname="com.asia_auto.data.dao.ElementEntityDaoTest" time="0.115"/>
  <testcase name="daoWrite" classname="com.asia_auto.data.dao.ElementEntityDaoTest" time="0.118"/>
  <testcase name="daoWrite" classname="com.asia_auto.data.dao.ElementEntityDaoTest" time="0.12"/>
  <testcase name="daoWrite" classname="com.asia_auto.data.dao.ElementEntityDaoTest" time="0.122"/>
  <testcase name="daoWrite" classname="com.asia_auto.data.dao.ElementEntityDaoTest" time="0.124"/>
  <testcase name="daoWrite" classname="com.asia_auto.data.dao.ElementEntityDaoTest" time="0.128"/>
  <testcase name="daoWrite" classname="com.asia_auto.data.dao.ElementEntityDaoTest" time="0.13"/>
  <testcase name="daoWrite" classname="com.asia_auto.data.dao.ElementEntityDaoTest" time="0.132"/>
  <testcase name="daoWrite" classname="com.asia_auto.data.dao.ElementEntityDaoTest" time="0.108"/>
  <testcase name="daoWrite" classname="com.asia_auto.data.dao.ElementEntityDaoTest" time="0.111"/>
  <testcase name="daoWrite" classname="com.asia_auto.data.dao.ElementEntityDaoTest" time="0.115"/>
  <testcase name="daoWrite" classname="com.asia_auto.data.dao.ElementEntityDaoTest" time="0.118"/>
  <testcase name="daoWrite" classname="com.asia_auto.data.dao.ElementEntityDaoTest" time="0.119"/>
  <testcase name="daoWrite" classname="com.asia_auto.data.dao.ElementEntityDaoTest" time="0.124"/>
  <testcase name="daoWrite" classname="com.asia_auto.data.dao.ElementEntityDaoTest" time="0.126"/>
  <testcase name="daoWrite" classname="com.asia_auto.data.dao.ElementEntityDaoTest" time="0.128"/>
  <testcase name="daoWrite" classname="com.asia_auto.data.dao.ElementEntityDaoTest" time="0.131"/>
  <testcase name="daoWrite" classname="com.asia_auto.data.dao.ElementEntityDaoTest" time="0.133"/>
  <testcase name="daoWrite" classname="com.asia_auto.data.dao.ElementEntityDaoTest" time="0.135"/>
  <testcase name="daoWrite" classname="com.asia_auto.data.dao.ElementEntityDaoTest" time="0.138"/>
  <testcase name="daoWrite" classname="com.asia_auto.data.dao.ElementEntityDaoTest" time="0.142"/>
  <testcase name="daoWrite" classname="com.asia_auto.data.dao.ElementEntityDaoTest" time="0.145"/>
  <testcase name="daoWrite" classname="com.asia_auto.data.dao.ElementEntityDaoTest" time="0.148"/>
  <testcase name="daoWrite" classname="com.asia_auto.data.dao.ElementEntityDaoTest" time="0.15"/>
  <testcase name="daoWrite" classname="com.asia_auto.data.dao.ElementEntityDaoTest" time="0.155"/>
  <testcase name="daoWrite" classname="com.asia_auto.data.dao.ElementEntityDaoTest" time="0.158"/>
  <testcase name="daoWrite" classname="com.asia_auto.data.dao.ElementEntityDaoTest" time="0.163"/>
  <testcase name="daoWrite" classname="com.asia_auto.data.dao.ElementEntityDaoTest" time="0.167"/>
  <testcase name="daoWrite" classname="com.asia_auto.data.dao.ElementEntityDaoTest" time="0.168"/>
  <testcase name="daoWrite" classname="com.asia_auto.data.dao.ElementEntityDaoTest" time="0.172"/>
  <testcase name="daoWrite" classname="com.asia_auto.data.dao.ElementEntityDaoTest" time="0.175"/>
  <testcase name="daoWrite" classname="com.asia_auto.data.dao.ElementEntityDaoTest" time="0.178"/>
  <testcase name="daoWrite" classname="com.asia_auto.data.dao.ElementEntityDaoTest" time="0.182"/>
  <testcase name="daoWrite" classname="com.asia_auto.data.dao.ElementEntityDaoTest" time="0.185"/>
  <testcase name="daoWrite" classname="com.asia_auto.data.dao.ElementEntityDaoTest" time="0.189"/>
  <testcase name="daoWrite" classname="com.asia_auto.data.dao.ElementEntityDaoTest" time="0.192"/>
  <testcase name="daoWrite" classname="com.asia_auto.data.dao.ElementEntityDaoTest" time="0.196"/>
  <testcase name="daoWrite" classname="com.asia_auto.data.dao.ElementEntityDaoTest" time="0.198"/>
  <testcase name="daoWrite" classname="com.asia_auto.data.dao.ElementEntityDaoTest" time="0.201"/>
  <testcase name="daoWrite" classname="com.asia_auto.data.dao.ElementEntityDaoTest" time="0.204"/>
  <testcase name="daoWrite" classname="com.asia_auto.data.dao.ElementEntityDaoTest" time="0.208"/>
  <testcase name="daoWrite" classname="com.asia_auto.data.dao.ElementEntityDaoTest" time="0.211"/>
  <testcase name="daoWrite" classname="com.asia_auto.data.dao.ElementEntityDaoTest" time="0.214"/>
  <testcase name="daoWrite" classname="com.asia_auto.data.dao.ElementEntityDaoTest" time="0.217"/>
  <testcase name="daoWrite" classname="com.asia_auto.data.dao.ElementEntityDaoTest" time="0.219"/>
  <testcase name="daoWrite" classname="com.asia_auto.data.dao.ElementEntityDaoTest" time="0.224"/>
  <testcase name="daoWrite" classname="com.asia_auto.data.dao.ElementEntityDaoTest" time="0.227"/>
  <testcase name="daoWrite" classname="com.asia_auto.data.dao.ElementEntityDaoTest" time="0.23"/>
  <testcase name="daoWrite" classname="com.asia_auto.data.dao.ElementEntityDaoTest" time="0.234"/>
  <testcase name="daoWrite" classname="com.asia_auto.data.dao.ElementEntityDaoTest" time="0.239"/>
  <testcase name="daoWrite" classname="com.asia_auto.data.dao.ElementEntityDaoTest" time="0.241"/>
  <testcase name="daoWrite" classname="com.asia_auto.data.dao.ElementEntityDaoTest" time="0.245"/>
  <testcase name="daoWrite" classname="com.asia_auto.data.dao.ElementEntityDaoTest" time="0.249"/>
  <testcase name="daoWrite" classname="com.asia_auto.data.dao.ElementEntityDaoTest" time="0.253"/>
  <testcase name="daoWrite" classname="com.asia_auto.data.dao.ElementEntityDaoTest" time="0.256"/>
  <testcase name="daoWrite" classname="com.asia_auto.data.dao.ElementEntityDaoTest" time="0.261"/>
  <testcase name="daoWrite" classname="com.asia_auto.data.dao.ElementEntityDaoTest" time="0.266"/>
  <testcase name="daoWrite" classname="com.asia_auto.data.dao.ElementEntityDaoTest" time="0.27"/>
  <testcase name="daoWrite" classname="com.asia_auto.data.dao.ElementEntityDaoTest" time="0.273"/>
  <testcase name="daoWrite" classname="com.asia_auto.data.dao.ElementEntityDaoTest" time="0.276"/>
  <testcase name="daoWrite" classname="com.asia_auto.data.dao.ElementEntityDaoTest" time="0.279"/>
  <testcase name="daoWrite" classname="com.asia_auto.data.dao.ElementEntityDaoTest" time="0.281"/>
  <testcase name="daoWrite" classname="com.asia_auto.data.dao.ElementEntityDaoTest" time="0.284"/>
  <testcase name="daoWrite" classname="com.asia_auto.data.dao.ElementEntityDaoTest" time="0.287"/>
  <testcase name="daoWrite" classname="com.asia_auto.data.dao.ElementEntityDaoTest" time="0.291"/>
  <testcase name="daoWrite" classname="com.asia_auto.data.dao.ElementEntityDaoTest" time="0.294"/>
  <testcase name="daoWrite" classname="com.asia_auto.data.dao.ElementEntityDaoTest" time="0.296"/>
  <testcase name="daoWrite" classname="com.asia_auto.data.dao.ElementEntityDaoTest" time="0.299"/>
  <testcase name="daoWrite" classname="com.asia_auto.data.dao.ElementEntityDaoTest" time="0.302"/>
  <testcase name="daoWrite" classname="com.asia_auto.data.dao.ElementEntityDaoTest" time="0.304"/>
  <system-out><![CDATA[]]></system-out>
  <system-err><![CDATA[]]></system-err>
</testsuite>
