<?xml version="1.0" encoding="UTF-8"?>
<testsuite name="com.asia_auto.server.ServerTest" tests="101" skipped="0" failures="0" errors="0" timestamp="2016-10-10T09:49:14" hostname="ADMIN" time="0.865">
  <properties/>
  <testcase name="inputData" classname="com.asia_auto.server.ServerTest" time="0.18"/>
  <testcase name="inputData" classname="com.asia_auto.server.ServerTest" time="0.19"/>
  <testcase name="inputData" classname="com.asia_auto.server.ServerTest" time="0.193"/>
  <testcase name="inputData" classname="com.asia_auto.server.ServerTest" time="0.187"/>
  <testcase name="inputData" classname="com.asia_auto.server.ServerTest" time="0.193"/>
  <testcase name="inputData" classname="com.asia_auto.server.ServerTest" time="0.191"/>
  <testcase name="inputData" classname="com.asia_auto.server.ServerTest" time="0.186"/>
  <testcase name="inputData" classname="com.asia_auto.server.ServerTest" time="0.182"/>
  <testcase name="inputData" classname="com.asia_auto.server.ServerTest" time="0.176"/>
  <testcase name="inputData" classname="com.asia_auto.server.ServerTest" time="0.195"/>
  <testcase name="inputData" classname="com.asia_auto.server.ServerTest" time="0.195"/>
  <testcase name="inputData" classname="com.asia_auto.server.ServerTest" time="0.196"/>
  <testcase name="inputData" classname="com.asia_auto.server.ServerTest" time="0.197"/>
  <testcase name="inputData" classname="com.asia_auto.server.ServerTest" time="0.191"/>
  <testcase name="inputData" classname="com.asia_auto.server.ServerTest" time="0.191"/>
  <testcase name="inputData" classname="com.asia_auto.server.ServerTest" time="0.191"/>
  <testcase name="inputData" classname="com.asia_auto.server.ServerTest" time="0.181"/>
  <testcase name="inputData" classname="com.asia_auto.server.ServerTest" time="0.183"/>
  <testcase name="inputData" classname="com.asia_auto.server.ServerTest" time="0.198"/>
  <testcase name="inputData" classname="com.asia_auto.server.ServerTest" time="0.183"/>
  <testcase name="inputData" classname="com.asia_auto.server.ServerTest" time="0.185"/>
  <testcase name="inputData" classname="com.asia_auto.server.ServerTest" time="0.186"/>
  <testcase name="inputData" classname="com.asia_auto.server.ServerTest" time="0.19"/>
  <testcase name="inputData" classname="com.asia_auto.server.ServerTest" time="0.183"/>
  <testcase name="inputData" classname="com.asia_auto.server.ServerTest" time="0.185"/>
  <testcase name="inputData" classname="com.asia_auto.server.ServerTest" time="0.128"/>
  <testcase name="inputData" classname="com.asia_auto.server.ServerTest" time="0.124"/>
  <testcase name="inputData" classname="com.asia_auto.server.ServerTest" time="0.186"/>
  <testcase name="inputData" classname="com.asia_auto.server.ServerTest" time="0.18"/>
  <testcase name="inputData" classname="com.asia_auto.server.ServerTest" time="0.186"/>
  <testcase name="inputData" classname="com.asia_auto.server.ServerTest" time="0.126"/>
  <testcase name="inputData" classname="com.asia_auto.server.ServerTest" time="0.143"/>
  <testcase name="inputData" classname="com.asia_auto.server.ServerTest" time="0.189"/>
  <testcase name="inputData" classname="com.asia_auto.server.ServerTest" time="0.145"/>
  <testcase name="inputData" classname="com.asia_auto.server.ServerTest" time="0.139"/>
  <testcase name="inputData" classname="com.asia_auto.server.ServerTest" time="0.147"/>
  <testcase name="inputData" classname="com.asia_auto.server.ServerTest" time="0.182"/>
  <testcase name="inputData" classname="com.asia_auto.server.ServerTest" time="0.161"/>
  <testcase name="inputData" classname="com.asia_auto.server.ServerTest" time="0.157"/>
  <testcase name="inputData" classname="com.asia_auto.server.ServerTest" time="0.161"/>
  <testcase name="inputData" classname="com.asia_auto.server.ServerTest" time="0.165"/>
  <testcase name="inputData" classname="com.asia_auto.server.ServerTest" time="0.167"/>
  <testcase name="inputData" classname="com.asia_auto.server.ServerTest" time="0.181"/>
  <testcase name="inputData" classname="com.asia_auto.server.ServerTest" time="0.188"/>
  <testcase name="inputData" classname="com.asia_auto.server.ServerTest" time="0.193"/>
  <testcase name="inputData" classname="com.asia_auto.server.ServerTest" time="0.205"/>
  <testcase name="inputData" classname="com.asia_auto.server.ServerTest" time="0.207"/>
  <testcase name="inputData" classname="com.asia_auto.server.ServerTest" time="0.215"/>
  <testcase name="inputData" classname="com.asia_auto.server.ServerTest" time="0.218"/>
  <testcase name="inputData" classname="com.asia_auto.server.ServerTest" time="0.229"/>
  <testcase name="inputData" classname="com.asia_auto.server.ServerTest" time="0.242"/>
  <testcase name="inputData" classname="com.asia_auto.server.ServerTest" time="0.251"/>
  <testcase name="inputData" classname="com.asia_auto.server.ServerTest" time="0.245"/>
  <testcase name="inputData" classname="com.asia_auto.server.ServerTest" time="0.257"/>
  <testcase name="inputData" classname="com.asia_auto.server.ServerTest" time="0.257"/>
  <testcase name="inputData" classname="com.asia_auto.server.ServerTest" time="0.262"/>
  <testcase name="inputData" classname="com.asia_auto.server.ServerTest" time="0.247"/>
  <testcase name="inputData" classname="com.asia_auto.server.ServerTest" time="0.267"/>
  <testcase name="inputData" classname="com.asia_auto.server.ServerTest" time="0.269"/>
  <testcase name="inputData" classname="com.asia_auto.server.ServerTest" time="0.272"/>
  <testcase name="inputData" classname="com.asia_auto.server.ServerTest" time="0.276"/>
  <testcase name="inputData" classname="com.asia_auto.server.ServerTest" time="0.278"/>
  <testcase name="inputData" classname="com.asia_auto.server.ServerTest" time="0.216"/>
  <testcase name="inputData" classname="com.asia_auto.server.ServerTest" time="0.218"/>
  <testcase name="inputData" classname="com.asia_auto.server.ServerTest" time="0.23"/>
  <testcase name="inputData" classname="com.asia_auto.server.ServerTest" time="0.231"/>
  <testcase name="inputData" classname="com.asia_auto.server.ServerTest" time="0.233"/>
  <testcase name="inputData" classname="com.asia_auto.server.ServerTest" time="0.237"/>
  <testcase name="inputData" classname="com.asia_auto.server.ServerTest" time="0.241"/>
  <testcase name="inputData" classname="com.asia_auto.server.ServerTest" time="0.244"/>
  <testcase name="inputData" classname="com.asia_auto.server.ServerTest" time="0.252"/>
  <testcase name="inputData" classname="com.asia_auto.server.ServerTest" time="0.266"/>
  <testcase name="inputData" classname="com.asia_auto.server.ServerTest" time="0.25"/>
  <testcase name="inputData" classname="com.asia_auto.server.ServerTest" time="0.26"/>
  <testcase name="inputData" classname="com.asia_auto.server.ServerTest" time="0.256"/>
  <testcase name="inputData" classname="com.asia_auto.server.ServerTest" time="0.266"/>
  <testcase name="inputData" classname="com.asia_auto.server.ServerTest" time="0.267"/>
  <testcase name="inputData" classname="com.asia_auto.server.ServerTest" time="0.264"/>
  <testcase name="inputData" classname="com.asia_auto.server.ServerTest" time="0.273"/>
  <testcase name="inputData" classname="com.asia_auto.server.ServerTest" time="0.276"/>
  <testcase name="inputData" classname="com.asia_auto.server.ServerTest" time="0.278"/>
  <testcase name="inputData" classname="com.asia_auto.server.ServerTest" time="0.452"/>
  <testcase name="inputData" classname="com.asia_auto.server.ServerTest" time="0.464"/>
  <testcase name="inputData" classname="com.asia_auto.server.ServerTest" time="0.464"/>
  <testcase name="inputData" classname="com.asia_auto.server.ServerTest" time="0.478"/>
  <testcase name="inputData" classname="com.asia_auto.server.ServerTest" time="0.483"/>
  <testcase name="inputData" classname="com.asia_auto.server.ServerTest" time="0.493"/>
  <testcase name="inputData" classname="com.asia_auto.server.ServerTest" time="0.496"/>
  <testcase name="inputData" classname="com.asia_auto.server.ServerTest" time="0.503"/>
  <testcase name="inputData" classname="com.asia_auto.server.ServerTest" time="0.5"/>
  <testcase name="inputData" classname="com.asia_auto.server.ServerTest" time="0.504"/>
  <testcase name="inputData" classname="com.asia_auto.server.ServerTest" time="0.522"/>
  <testcase name="inputData" classname="com.asia_auto.server.ServerTest" time="0.539"/>
  <testcase name="inputData" classname="com.asia_auto.server.ServerTest" time="0.537"/>
  <testcase name="inputData" classname="com.asia_auto.server.ServerTest" time="0.497"/>
  <testcase name="inputData" classname="com.asia_auto.server.ServerTest" time="0.554"/>
  <testcase name="inputData" classname="com.asia_auto.server.ServerTest" time="0.556"/>
  <testcase name="inputData" classname="com.asia_auto.server.ServerTest" time="0.556"/>
  <testcase name="inputData" classname="com.asia_auto.server.ServerTest" time="0.581"/>
  <testcase name="inputData" classname="com.asia_auto.server.ServerTest" time="0.526"/>
  <testcase name="clear" classname="com.asia_auto.server.ServerTest" time="0.261"/>
  <system-out><![CDATA[]]></system-out>
  <system-err><![CDATA[]]></system-err>
</testsuite>
